<?xml version="1.0" encoding="UTF-8"?>
<!-- Generated by org.testng.reporters.JUnitReportReporter -->
<testsuite skipped="0" hostname="DESKTOP-6S7G24D" name="testScripts.DataParamJson" tests="3" failures="0" timestamp="2021-11-18T15:05:11 IST" time="29.550" errors="0">
  <testcase name="login" time="9.444" classname="testScripts.DataParamJson"/>
  <system-out/>
  <testcase name="login" time="9.692" classname="testScripts.DataParamJson"/>
  <system-out/>
  <testcase name="login" time="10.414" classname="testScripts.DataParamJson"/>
  <system-out/>
</testsuite> <!-- testScripts.DataParamJson -->
