<?xml version="1.0" encoding="UTF-8"?>
<!-- Generated by org.testng.reporters.JUnitReportReporter -->
<testsuite skipped="0" hostname="DESKTOP-6S7G24D" name="runners.CRMRunner" tests="3" failures="0" timestamp="2021-11-15T17:08:59 IST" time="63.266" errors="0">
  <testcase name="runScenario" time="19.444" classname="runners.CRMRunner"/>
  <system-out/>
  <testcase name="runScenario" time="25.669" classname="runners.CRMRunner"/>
  <system-out/>
  <testcase name="runScenario" time="18.153" classname="runners.CRMRunner"/>
  <system-out/>
</testsuite> <!-- runners.CRMRunner -->
